2017-09-17 14:11:13 - mintSystem started
2017-09-17 14:11:13 - /etc/linuxmint/adjustments//15-mint-artwork-gnome-firefox.execute executed
2017-09-17 14:11:13 - /etc/linuxmint/adjustments//15-ubuntu-system-adjustments.execute executed
2017-09-17 14:11:13 - /etc/linuxmint/adjustments//upstart.execute executed
2017-09-17 14:11:13 - /usr/share/icons/gnome/24x24/places/distributor-logo.png overwritten with /usr/share/linuxmint/common/artwork/logos/24.png
2017-09-17 14:11:13 - /etc/legal overwritten with /usr/share/linuxmint/common/motd/legal
2017-09-17 14:11:13 - /usr/share/icons/HighContrast/32x32/places/start-here.png overwritten with /usr/share/linuxmint/common/artwork/logos/32.png
2017-09-17 14:11:13 - /usr/share/icons/default.kde4/32x32/places/start-here.png overwritten with /usr/share/linuxmint/common/artwork/logos/32.png
2017-09-17 14:11:13 - /usr/share/icons/gnome/32x32/places/start-here.png overwritten with /usr/share/linuxmint/common/artwork/logos/32.png
2017-09-17 14:11:13 - /usr/share/icons/oxygen/32x32/places/start-here.png overwritten with /usr/share/linuxmint/common/artwork/logos/32.png
2017-09-17 14:11:14 - /usr/share/icons/gnome/22x22/places/distributor-logo.png overwritten with /usr/share/linuxmint/common/artwork/logos/22.png
2017-09-17 14:11:14 - /usr/share/icons/HighContrast/24x24/places/start-here.png overwritten with /usr/share/linuxmint/common/artwork/logos/24.png
2017-09-17 14:11:14 - /usr/share/icons/gnome/24x24/places/start-here.png overwritten with /usr/share/linuxmint/common/artwork/logos/24.png
2017-09-17 14:11:14 - /usr/lib/firefox/distribution/distribution.ini overwritten with /usr/share/linuxmint/common/artwork/firefox/distribution.ini
2017-09-17 14:11:14 - /usr/share/icons/gnome/16x16/places/novell-button.png overwritten with /usr/share/linuxmint/common/artwork/logos/16.png
2017-09-17 14:11:14 - /usr/share/icons/HighContrast/22x22/places/start-here.png overwritten with /usr/share/linuxmint/common/artwork/logos/22.png
2017-09-17 14:11:14 - /usr/share/icons/default.kde4/22x22/places/start-here.png overwritten with /usr/share/linuxmint/common/artwork/logos/22.png
2017-09-17 14:11:14 - /usr/share/icons/gnome/22x22/places/start-here.png overwritten with /usr/share/linuxmint/common/artwork/logos/22.png
2017-09-17 14:11:14 - /usr/share/icons/oxygen/22x22/places/start-here.png overwritten with /usr/share/linuxmint/common/artwork/logos/22.png
2017-09-17 14:11:14 - /usr/share/polkit-1/actions/com.ubuntu.pkexec.synaptic.policy overwritten with /usr/share/ubuntu-system-adjustments/pkexec/com.ubuntu.pkexec.synaptic.policy
2017-09-17 14:11:14 - /usr/share/icons/gnome/32x32/places/gnome-main-menu.png overwritten with /usr/share/linuxmint/common/artwork/logos/32.png
2017-09-17 14:11:14 - /usr/share/icons/gnome/24x24/places/gnome-main-menu.png overwritten with /usr/share/linuxmint/common/artwork/logos/24.png
2017-09-17 14:11:14 - /usr/share/icons/gnome/22x22/places/novell-button.png overwritten with /usr/share/linuxmint/common/artwork/logos/22.png
2017-09-17 14:11:14 - /usr/share/icons/HighContrast/48x48/places/start-here.png overwritten with /usr/share/linuxmint/common/artwork/logos/48.png
2017-09-17 14:11:14 - /usr/share/icons/default.kde4/48x48/places/start-here.png overwritten with /usr/share/linuxmint/common/artwork/logos/48.png
2017-09-17 14:11:14 - /usr/share/icons/oxygen/48x48/places/start-here.png overwritten with /usr/share/linuxmint/common/artwork/logos/48.png
2017-09-17 14:11:14 - /usr/share/icons/HighContrast/scalable/places/start-here.svg overwritten with /usr/share/linuxmint/common/artwork/logos/scalable.svg
2017-09-17 14:11:14 - /usr/share/icons/gnome/scalable/places/start-here.svg overwritten with /usr/share/linuxmint/common/artwork/logos/scalable.svg
2017-09-17 14:11:14 - /etc/chromium-browser/default overwritten with /usr/share/linuxmint/common/artwork/chromium/default
2017-09-17 14:11:14 - /usr/share/sounds/freedesktop/stereo/device-removed.oga overwritten with /usr/share/ubuntu-system-adjustments/sound/silent.oga
2017-09-17 14:11:14 - /usr/share/icons/gnome/32x32/places/novell-button.png overwritten with /usr/share/linuxmint/common/artwork/logos/32.png
2017-09-17 14:11:14 - /usr/share/icons/gnome/32x32/places/distributor-logo.png overwritten with /usr/share/linuxmint/common/artwork/logos/32.png
2017-09-17 14:11:14 - /usr/share/sounds/freedesktop/stereo/device-added.oga overwritten with /usr/share/ubuntu-system-adjustments/sound/silent.oga
2017-09-17 14:11:14 - /usr/lib/firefox/browser/defaults/preferences/vendor-firefox.js overwritten with /usr/share/linuxmint/common/artwork/firefox/firefox.js
2017-09-17 14:11:14 - /etc/gnome/defaults.list overwritten with /usr/share/linuxmint/common/artwork/mime/defaults.list
2017-09-17 14:11:14 - /usr/share/icons/gnome/16x16/places/distributor-logo.png overwritten with /usr/share/linuxmint/common/artwork/logos/16.png
2017-09-17 14:11:14 - /etc/apt/preferences.d/official-package-repositories.pref overwritten with /usr/share/linuxmint/mintsystem/apt/official-package-repositories.pref
2017-09-17 14:11:14 - /usr/share/icons/gnome/22x22/places/gnome-main-menu.png overwritten with /usr/share/linuxmint/common/artwork/logos/22.png
2017-09-17 14:11:14 - /usr/share/icons/gnome/16x16/places/gnome-main-menu.png overwritten with /usr/share/linuxmint/common/artwork/logos/16.png
2017-09-17 14:11:14 - /usr/share/icons/gnome/24x24/places/novell-button.png overwritten with /usr/share/linuxmint/common/artwork/logos/24.png
2017-09-17 14:11:14 - /usr/share/cups/data/default-testpage.pdf overwritten with /usr/share/linuxmint/common/artwork/cups/default-testpage.pdf
2017-09-17 14:11:14 - /usr/share/icons/HighContrast/16x16/places/start-here.png overwritten with /usr/share/linuxmint/common/artwork/logos/16.png
2017-09-17 14:11:14 - /usr/share/icons/default.kde4/16x16/places/start-here.png overwritten with /usr/share/linuxmint/common/artwork/logos/16.png
2017-09-17 14:11:14 - /usr/share/icons/gnome/16x16/places/start-here.png overwritten with /usr/share/linuxmint/common/artwork/logos/16.png
2017-09-17 14:11:14 - /usr/share/icons/oxygen/16x16/places/start-here.png overwritten with /usr/share/linuxmint/common/artwork/logos/16.png
2017-09-17 14:11:14 - /etc/update-motd.d/10-help-text overwritten with /usr/share/linuxmint/common/motd/10-help-text
2017-09-17 14:11:14 - /etc/lsb-release overwritten
2017-09-17 14:11:14 - /etc/issue overwritten
2017-09-17 14:11:14 - /etc/issue.net overwritten
2017-09-17 14:11:14 - /usr/share/applications/itweb-settings.desktop hidden
2017-09-17 14:11:14 - /usr/share/applications/yelp.desktop hidden
2017-09-17 14:11:14 - /usr/share/applications/libreoffice-draw.desktop re-categorized
2017-09-17 14:11:14 - /usr/share/applications/libreoffice-math.desktop re-categorized
2017-09-17 14:11:14 - /usr/share/applications/evince.desktop re-categorized
2017-09-17 14:11:14 - /usr/share/applications/orca.desktop re-categorized
2017-09-17 14:11:14 - /usr/share/applications/im-config.desktop hidden
2017-09-17 14:11:14 - mintSystem stopped
